<?xml version="1.0" encoding="UTF-8"?>
<testsuite xmlns:xsi="http://www.w3.org/2001/XMLSchema-instance" xsi:noNamespaceSchemaLocation="https://maven.apache.org/surefire/maven-surefire-plugin/xsd/surefire-test-report-3.0.xsd" version="3.0" name="com.inklusport.reports.ReportsApplicationTests" time="13.612" tests="1" errors="0" skipped="0" failures="0">
  <properties>
[...]
</properties>
  <testcase name="contextLoads" classname="com.inklusport.reports.ReportsApplicationTests" time="0.604">
    <system-out><![CDATA[10:23:43.304 [main] INFO org.springframework.test.context.support.AnnotationConfigContextLoaderUtils -- Could not detect default configuration classes for test class [com.inklusport.reports.ReportsApplicationTests]: ReportsApplicationTests does not declare any static, non-private, non-final, nested classes annotated with @Configuration.
10:23:43.422 [main] INFO org.springframework.boot.test.context.SpringBootTestContextBootstrapper -- Found @SpringBootConfiguration com.inklusport.reports.ReportsApplication for test class com.inklusport.reports.ReportsApplicationTests

  .   ____          _            __ _ _
 /\\ / ___'_ __ _ _(_)_ __  __ _ \ \ \ \
( ( )\___ | '_ | '_| | '_ \/ _` | \ \ \ \
 \\/  ___)| |_)| | | | | || (_| |  ) ) ) )
  '  |____| .__|_| |_|_| |_\__, | / / / /
 =========|_|==============|___/=/_/_/_/
 :: Spring Boot ::                (v3.2.4)

2026-07-28T10:23:44.353-05:00  INFO 19116 --- [ink-ms-reports] [           main] c.i.reports.ReportsApplicationTests      : Starting ReportsApplicationTests using Java 17.0.19 with PID 19116 (started by Samu in C:\Users\Samu\Documents\Repos Aparte\ink-ms-reports)
2026-07-28T10:23:44.355-05:00 DEBUG 19116 --- [ink-ms-reports] [           main] c.i.reports.ReportsApplicationTests      : Running with Spring Boot v3.2.4, Spring v6.1.5
2026-07-28T10:23:44.356-05:00  INFO 19116 --- [ink-ms-reports] [           main] c.i.reports.ReportsApplicationTests      : The following 1 profile is active: "test"
2026-07-28T10:23:45.880-05:00  INFO 19116 --- [ink-ms-reports] [           main] .s.d.r.c.RepositoryConfigurationDelegate : Bootstrapping Spring Data JPA repositories in DEFAULT mode.
2026-07-28T10:23:45.987-05:00  INFO 19116 --- [ink-ms-reports] [           main] .s.d.r.c.RepositoryConfigurationDelegate : Finished Spring Data repository scanning in 92 ms. Found 3 JPA repository interfaces.
2026-07-28T10:23:46.320-05:00  INFO 19116 --- [ink-ms-reports] [           main] o.s.cloud.context.scope.GenericScope     : BeanFactory id=76de85f3-5fc4-3876-a6a4-f7eb084cd24a
2026-07-28T10:23:47.415-05:00  INFO 19116 --- [ink-ms-reports] [           main] o.hibernate.jpa.internal.util.LogHelper  : HHH000204: Processing PersistenceUnitInfo [name: default]
2026-07-28T10:23:47.663-05:00  INFO 19116 --- [ink-ms-reports] [           main] org.hibernate.Version                    : HHH000412: Hibernate ORM core version 6.4.4.Final
2026-07-28T10:23:47.814-05:00  INFO 19116 --- [ink-ms-reports] [           main] o.h.c.internal.RegionFactoryInitiator    : HHH000026: Second-level cache disabled
2026-07-28T10:23:48.234-05:00  INFO 19116 --- [ink-ms-reports] [           main] o.s.o.j.p.SpringPersistenceUnitInfo      : No LoadTimeWeaver setup: ignoring JPA class transformer
2026-07-28T10:23:48.275-05:00  INFO 19116 --- [ink-ms-reports] [           main] com.zaxxer.hikari.HikariDataSource       : HikariPool-1 - Starting...
2026-07-28T10:23:48.558-05:00  INFO 19116 --- [ink-ms-reports] [           main] com.zaxxer.hikari.pool.HikariPool        : HikariPool-1 - Added connection conn0: url=jdbc:h2:mem:reports_test user=SA
2026-07-28T10:23:48.560-05:00  INFO 19116 --- [ink-ms-reports] [           main] com.zaxxer.hikari.HikariDataSource       : HikariPool-1 - Start completed.
2026-07-28T10:23:48.606-05:00  WARN 19116 --- [ink-ms-reports] [           main] org.hibernate.dialect.Dialect            : HHH000511: The 2.2.0 version for [org.hibernate.dialect.MySQLDialect] is no longer supported, hence certain features may not work properly. The minimum supported version is 8.0.0. Check the community dialects project for available legacy versions.
2026-07-28T10:23:48.610-05:00  WARN 19116 --- [ink-ms-reports] [           main] org.hibernate.orm.deprecation            : HHH90000025: MySQLDialect does not need to be specified explicitly using 'hibernate.dialect' (remove the property setting and it will be selected by default)
2026-07-28T10:23:49.709-05:00  INFO 19116 --- [ink-ms-reports] [           main] o.h.e.t.j.p.i.JtaPlatformInitiator       : HHH000489: No JTA platform available (set 'hibernate.transaction.jta.platform' to enable JTA platform integration)
Hibernate: drop table if exists analytics_events
Hibernate: drop table if exists daily_metrics_summary
Hibernate: drop table if exists report_configs
Hibernate: create table analytics_events (created_at datetime(6), event_type varchar(50) not null, module varchar(50) not null, id CHAR(36) not null, metadata JSON, user_id CHAR(36), primary key (id)) engine=InnoDB
Hibernate: create table daily_metrics_summary (metric_value integer not null, summary_date date not null, updated_at datetime(6), metric_key varchar(50) not null, id CHAR(36) not null, primary key (id)) engine=InnoDB
Hibernate: create table report_configs (created_at datetime(6), last_run datetime(6), report_name varchar(100) not null, filters JSON not null, id CHAR(36) not null, owner_id CHAR(36) not null, primary key (id)) engine=InnoDB
Hibernate: create index idx_events_type_date on analytics_events (event_type, created_at)
Hibernate: create index idx_metrics_key_date on daily_metrics_summary (metric_key, summary_date)
2026-07-28T10:23:49.754-05:00  INFO 19116 --- [ink-ms-reports] [           main] j.LocalContainerEntityManagerFactoryBean : Initialized JPA EntityManagerFactory for persistence unit 'default'
2026-07-28T10:23:51.150-05:00  INFO 19116 --- [ink-ms-reports] [           main] o.s.d.j.r.query.QueryEnhancerFactory     : Hibernate is in classpath; If applicable, HQL parser will be used.
2026-07-28T10:23:53.399-05:00  WARN 19116 --- [ink-ms-reports] [           main] .s.s.UserDetailsServiceAutoConfiguration : 

Using generated security password: ff826d9d-4ab7-48f1-b69d-e5199a30b678

This generated password is for development use only. Your security configuration must be updated before running your application in production.

2026-07-28T10:23:54.636-05:00  INFO 19116 --- [ink-ms-reports] [           main] o.s.b.a.e.web.EndpointLinksResolver      : Exposing 1 endpoint(s) beneath base path '/actuator'
2026-07-28T10:23:54.787-05:00  INFO 19116 --- [ink-ms-reports] [           main] o.s.s.web.DefaultSecurityFilterChain     : Will secure any request with [org.springframework.security.web.session.DisableEncodeUrlFilter@35cf5d9, org.springframework.security.web.context.request.async.WebAsyncManagerIntegrationFilter@58030528, org.springframework.security.web.context.SecurityContextHolderFilter@3da20c42, org.springframework.security.web.header.HeaderWriterFilter@620bfd8c, org.springframework.security.web.authentication.logout.LogoutFilter@64027866, com.inklusport.reports.config.JwtAuthenticationFilter@52b77d5e, org.springframework.security.web.savedrequest.RequestCacheAwareFilter@61df07d0, org.springframework.security.web.servletapi.SecurityContextHolderAwareRequestFilter@353f73ac, org.springframework.security.web.authentication.AnonymousAuthenticationFilter@c39ebcf, org.springframework.security.web.session.SessionManagementFilter@7f85482c, org.springframework.security.web.access.ExceptionTranslationFilter@5fa49615, org.springframework.security.web.access.intercept.AuthorizationFilter@25c4d2a0]
2026-07-28T10:23:56.029-05:00  INFO 19116 --- [ink-ms-reports] [           main] c.i.reports.ReportsApplicationTests      : Started ReportsApplicationTests in 12.385 seconds (process running for 13.562)
]]></system-out>
  </testcase>
</testsuite>