<?xml version="1.0" encoding="UTF-8"?>
<testsuite xmlns:xsi="http://www.w3.org/2001/XMLSchema-instance" xsi:noNamespaceSchemaLocation="https://maven.apache.org/surefire/maven-surefire-plugin/xsd/surefire-test-report-3.0.xsd" version="3.0" name="com.inklusport.reports.service.AnalyticsEventServiceTest" time="1.71" tests="2" errors="0" skipped="0" failures="0">
  <properties>
[...]
</properties>
  <testcase name="getEventsByUser_mapeaResultados" classname="com.inklusport.reports.service.AnalyticsEventServiceTest" time="1.662"/>
  <testcase name="registerEvent_usaUserIdDelContexto" classname="com.inklusport.reports.service.AnalyticsEventServiceTest" time="0.028">
    <system-out><![CDATA[2026-09-10T10:29:39.269-05:00  INFO 25056 --- [ink-ms-reports] [           main] c.i.r.service.AnalyticsEventService      : Evento registrado: LOGIN - auth
]]></system-out>
  </testcase>
</testsuite>